// <autogenerated>
//   This file contains the list of files generated by Keeley.tt.
//   It is used by T4 Toolbox (http://www.codeplex.com/t4toolbox) to automatically delete
//   generated files that are no longer necessary. Do not modify this file manually. Manual
//   changes may cause orphaned files and will be lost next time the code is regenerated.
// </autogenerated>
..\Keeley\Schema Objects\Schemas\dbo\Programmability\Stored Procedures\ApplicationUser_Delete.sql
..\Keeley\Schema Objects\Schemas\dbo\Programmability\Stored Procedures\ApplicationUser_Insert.sql
..\Keeley\Schema Objects\Schemas\dbo\Programmability\Stored Procedures\ApplicationUser_Update.sql
..\Keeley\Schema Objects\Schemas\dbo\Tables\ApplicationUser_hst.sql
..\Keeley\Schema Objects\Schemas\dbo\Programmability\Stored Procedures\Book_Delete.sql
..\Keeley\Schema Objects\Schemas\dbo\Programmability\Stored Procedures\Book_Insert.sql
..\Keeley\Schema Objects\Schemas\dbo\Programmability\Stored Procedures\Book_Update.sql
..\Keeley\Schema Objects\Schemas\dbo\Tables\Book_hst.sql
..\Keeley\Schema Objects\Schemas\dbo\Programmability\Stored Procedures\Country_Delete.sql
..\Keeley\Schema Objects\Schemas\dbo\Programmability\Stored Procedures\Country_Insert.sql
..\Keeley\Schema Objects\Schemas\dbo\Programmability\Stored Procedures\Country_Update.sql
..\Keeley\Schema Objects\Schemas\dbo\Tables\Country_hst.sql
..\Keeley\Schema Objects\Schemas\dbo\Programmability\Stored Procedures\Currency_Delete.sql
..\Keeley\Schema Objects\Schemas\dbo\Programmability\Stored Procedures\Currency_Insert.sql
..\Keeley\Schema Objects\Schemas\dbo\Programmability\Stored Procedures\Currency_Update.sql
..\Keeley\Schema Objects\Schemas\dbo\Tables\Currency_hst.sql
..\Keeley\Schema Objects\Schemas\dbo\Programmability\Stored Procedures\Fund_Delete.sql
..\Keeley\Schema Objects\Schemas\dbo\Programmability\Stored Procedures\Fund_Insert.sql
..\Keeley\Schema Objects\Schemas\dbo\Programmability\Stored Procedures\Fund_Update.sql
..\Keeley\Schema Objects\Schemas\dbo\Tables\Fund_hst.sql
..\Keeley\Schema Objects\Schemas\dbo\Programmability\Stored Procedures\Instrument_Delete.sql
..\Keeley\Schema Objects\Schemas\dbo\Programmability\Stored Procedures\Instrument_Insert.sql
..\Keeley\Schema Objects\Schemas\dbo\Programmability\Stored Procedures\Instrument_Update.sql
..\Keeley\Schema Objects\Schemas\dbo\Tables\Instrument_hst.sql
..\Keeley\Schema Objects\Schemas\dbo\Programmability\Stored Procedures\InstrumentClass_Delete.sql
..\Keeley\Schema Objects\Schemas\dbo\Programmability\Stored Procedures\InstrumentClass_Insert.sql
..\Keeley\Schema Objects\Schemas\dbo\Programmability\Stored Procedures\InstrumentClass_Update.sql
..\Keeley\Schema Objects\Schemas\dbo\Tables\InstrumentClass_hst.sql
..\Keeley\Schema Objects\Schemas\dbo\Programmability\Stored Procedures\InstrumentMarket_Delete.sql
..\Keeley\Schema Objects\Schemas\dbo\Programmability\Stored Procedures\InstrumentMarket_Insert.sql
..\Keeley\Schema Objects\Schemas\dbo\Programmability\Stored Procedures\InstrumentMarket_Update.sql
..\Keeley\Schema Objects\Schemas\dbo\Tables\InstrumentMarket_hst.sql
..\Keeley\Schema Objects\Schemas\dbo\Programmability\Stored Procedures\InstrumentRelationship_Delete.sql
..\Keeley\Schema Objects\Schemas\dbo\Programmability\Stored Procedures\InstrumentRelationship_Insert.sql
..\Keeley\Schema Objects\Schemas\dbo\Programmability\Stored Procedures\InstrumentRelationship_Update.sql
..\Keeley\Schema Objects\Schemas\dbo\Tables\InstrumentRelationship_hst.sql
..\Keeley\Schema Objects\Schemas\dbo\Programmability\Stored Procedures\Issuer_Delete.sql
..\Keeley\Schema Objects\Schemas\dbo\Programmability\Stored Procedures\Issuer_Insert.sql
..\Keeley\Schema Objects\Schemas\dbo\Programmability\Stored Procedures\Issuer_Update.sql
..\Keeley\Schema Objects\Schemas\dbo\Tables\Issuer_hst.sql
..\Keeley\Schema Objects\Schemas\dbo\Programmability\Stored Procedures\LegalEntity_Delete.sql
..\Keeley\Schema Objects\Schemas\dbo\Programmability\Stored Procedures\LegalEntity_Insert.sql
..\Keeley\Schema Objects\Schemas\dbo\Programmability\Stored Procedures\LegalEntity_Update.sql
..\Keeley\Schema Objects\Schemas\dbo\Tables\LegalEntity_hst.sql
..\Keeley\Schema Objects\Schemas\dbo\Programmability\Stored Procedures\Market_Delete.sql
..\Keeley\Schema Objects\Schemas\dbo\Programmability\Stored Procedures\Market_Insert.sql
..\Keeley\Schema Objects\Schemas\dbo\Programmability\Stored Procedures\Market_Update.sql
..\Keeley\Schema Objects\Schemas\dbo\Tables\Market_hst.sql
..\Keeley\Schema Objects\Schemas\dbo\Programmability\Stored Procedures\Portfolio_Delete.sql
..\Keeley\Schema Objects\Schemas\dbo\Programmability\Stored Procedures\Portfolio_Insert.sql
..\Keeley\Schema Objects\Schemas\dbo\Programmability\Stored Procedures\Portfolio_Update.sql
..\Keeley\Schema Objects\Schemas\dbo\Tables\Portfolio_hst.sql
..\Keeley\Schema Objects\Schemas\dbo\Programmability\Stored Procedures\Position_Delete.sql
..\Keeley\Schema Objects\Schemas\dbo\Programmability\Stored Procedures\Position_Insert.sql
..\Keeley\Schema Objects\Schemas\dbo\Programmability\Stored Procedures\Position_Update.sql
..\Keeley\Schema Objects\Schemas\dbo\Tables\Position_hst.sql
..\Keeley\Schema Objects\Schemas\dbo\Programmability\Stored Procedures\Region_Delete.sql
..\Keeley\Schema Objects\Schemas\dbo\Programmability\Stored Procedures\Region_Insert.sql
..\Keeley\Schema Objects\Schemas\dbo\Programmability\Stored Procedures\Region_Update.sql
..\Keeley\Schema Objects\Schemas\dbo\Tables\Region_hst.sql
..\Keeley\Schema Objects\Schemas\dbo\Programmability\Stored Procedures\Strategy_Delete.sql
..\Keeley\Schema Objects\Schemas\dbo\Programmability\Stored Procedures\Strategy_Insert.sql
..\Keeley\Schema Objects\Schemas\dbo\Programmability\Stored Procedures\Strategy_Update.sql
..\Keeley\Schema Objects\Schemas\dbo\Tables\Strategy_hst.sql
..\Keeley\Schema Objects\Schemas\dbo\Programmability\Stored Procedures\TradeType_Delete.sql
..\Keeley\Schema Objects\Schemas\dbo\Programmability\Stored Procedures\TradeType_Insert.sql
..\Keeley\Schema Objects\Schemas\dbo\Programmability\Stored Procedures\TradeType_Update.sql
..\Keeley\Schema Objects\Schemas\dbo\Tables\TradeType_hst.sql
.\Keeley.tt.log
